<?xml version="1.0" encoding="UTF-8"?>
<!-- Generated by org.testng.reporters.JUnitReportReporter -->
<testsuite hostname="DESKTOP-S3RV3MH" failures="0" tests="7" name="com.atc.assignment.Test" time="122.049" errors="0" timestamp="2020-10-19T20:00:24 IST" skipped="0">
  <testcase classname="com.atc.assignment.Test" name="Login" time="16.240"/>
  <system-out/>
  <testcase classname="com.atc.assignment.Test" name="LoginPage" time="9.025"/>
  <system-out/>
  <testcase classname="com.atc.assignment.Test" name="addNewAddress" time="7.782"/>
  <system-out/>
  <testcase classname="com.atc.assignment.Test" name="selectWoman" time="11.855"/>
  <system-out/>
  <testcase classname="com.atc.assignment.Test" name="addCartItem" time="29.801"/>
  <system-out/>
  <testcase classname="com.atc.assignment.Test" name="paymentCheckout" time="40.855"/>
  <system-out/>
  <testcase classname="com.atc.assignment.Test" name="takeScreenshotandSignOut" time="6.491"/>
  <system-out/>
</testsuite> <!-- com.atc.assignment.Test -->
